<?xml version="1.0" encoding="UTF-8"?>
<!-- Generated by org.testng.reporters.JUnitXMLReporter -->
<testsuite hostname="XILP-IND-3152" name="Test" tests="3" failures="3" timestamp="9 Jul 2018 10:52:44 GMT" time="369.381" errors="0">
  <testcase name="SuiteOneCaseTwoTest" time="95.913" classname="SuiteOne.TC004">
    <failure type="java.lang.AssertionError" message="The following asserts failed:
	expected [Download Policy PDF] but found [Policy Number: 47-QAA-004408-01]">
      <![CDATA[java.lang.AssertionError: The following asserts failed:
	expected [Download Policy PDF] but found [Policy Number: 47-QAA-004408-01]
	at SuiteOne.TC004.SuiteOneCaseTwoTest(TC004.java:201)
... Removed 24 stack frames]]>
    </failure>
  </testcase> <!-- SuiteOneCaseTwoTest -->
  <testcase name="SuiteOneCaseTwoTest" time="112.567" classname="SuiteOne.TC004">
    <failure type="java.lang.AssertionError" message="The following asserts failed:
	expected [Download Policy PDF] but found [Policy Number: 47-QAA-004409-01]">
      <![CDATA[java.lang.AssertionError: The following asserts failed:
	expected [Download Policy PDF] but found [Policy Number: 47-QAA-004409-01]
	at SuiteOne.TC004.SuiteOneCaseTwoTest(TC004.java:201)
... Removed 24 stack frames]]>
    </failure>
  </testcase> <!-- SuiteOneCaseTwoTest -->
  <testcase name="SuiteOneCaseTwoTest" time="142.628" classname="SuiteOne.TC004">
    <failure type="java.lang.AssertionError" message="The following asserts failed:
	expected [Download Policy PDF] but found [Policy Number: 47-QAA-004410-01]">
      <![CDATA[java.lang.AssertionError: The following asserts failed:
	expected [Download Policy PDF] but found [Policy Number: 47-QAA-004410-01]
	at SuiteOne.TC004.SuiteOneCaseTwoTest(TC004.java:201)
... Removed 24 stack frames]]>
    </failure>
  </testcase> <!-- SuiteOneCaseTwoTest -->
</testsuite> <!-- Test -->
