<html>
<head>
<title>TestNG:  Test</title>
<link href="../testng.css" rel="stylesheet" type="text/css" />
<link href="../my-testng.css" rel="stylesheet" type="text/css" />

<style type="text/css">
.log { display: none;} 
.stack-trace { display: none;} 
</style>
<script type="text/javascript">
<!--
function flip(e) {
  current = e.style.display;
  if (current == 'block') {
    e.style.display = 'none';
    return 0;
  }
  else {
    e.style.display = 'block';
    return 1;
  }
}

function toggleBox(szDivId, elem, msg1, msg2)
{
  var res = -1;  if (document.getElementById) {
    res = flip(document.getElementById(szDivId));
  }
  else if (document.all) {
    // this is the way old msie versions work
    res = flip(document.all[szDivId]);
  }
  if(elem) {
    if(res == 0) elem.innerHTML = msg1; else elem.innerHTML = msg2;
  }

}

function toggleAllBoxes() {
  if (document.getElementsByTagName) {
    d = document.getElementsByTagName('div');
    for (i = 0; i < d.length; i++) {
      if (d[i].className == 'log') {
        flip(d[i]);
      }
    }
  }
}

// -->
</script>

</head>
<body>
<h2 align='center'>Test</h2><table border='1' align="center">
<tr>
<td>Tests passed/Failed/Skipped:</td><td>0/3/0</td>
</tr><tr>
<td>Started on:</td><td>Mon Jul 09 16:16:34 IST 2018</td>
</tr>
<tr><td>Total time:</td><td>369 seconds (369381 ms)</td>
</tr><tr>
<td>Included groups:</td><td></td>
</tr><tr>
<td>Excluded groups:</td><td></td>
</tr>
</table><p/>
<small><i>(Hover the method name to see the test class name)</i></small><p/>
<table width='100%' border='1' class='invocation-failed'>
<tr><td colspan='4' align='center'><b>FAILED TESTS</b></td></tr>
<tr><td><b>Test method</b></td>
<td width="30%"><b>Exception</b></td>
<td width="10%"><b>Time (seconds)</b></td>
<td><b>Instance</b></td>
</tr>
<tr>
<td title='SuiteOne.TC004.SuiteOneCaseTwoTest()'><b>SuiteOneCaseTwoTest</b><br>Test class: SuiteOne.TC004<br>Parameters: ank1167@test.com, welcome2018, hammersmith, Florida, Nurse Practitioner, Acute Critical Care, , , Student, No, Occurrence, 43248, June, 2019, Yes, June, 2017, 1, No, 3, No, 43248, Yes, Deepak, Sharma, test, Doctor, Signature Towers, Gurgaon, AZ, 85258, Mobile, 9876543210, Home, 1234567894, One Time Payment, User, 4111111111111111, 123, 1122, Derryn, Zwart, Bevis Marks, Boston, MA, 23110, 47-QAA-004388-01</td>
<td><div><pre>java.lang.AssertionError: The following asserts failed:
	expected [Download Policy PDF] but found [Policy Number: 47-QAA-004408-01]
	at SuiteOne.TC004.SuiteOneCaseTwoTest(TC004.java:201)
... Removed 24 stack frames</pre></div><a href='#' onClick='toggleBox("stack-trace1624817884", this, "Click to show all stack frames", "Click to hide stack frames")'>Click to show all stack frames</a>
<div class='stack-trace' id='stack-trace1624817884'><pre>java.lang.AssertionError: The following asserts failed:
	expected [Download Policy PDF] but found [Policy Number: 47-QAA-004408-01]
	at org.testng.asserts.SoftAssert.assertAll(SoftAssert.java:43)
	at SuiteOne.TC004.SuiteOneCaseTwoTest(TC004.java:201)
	at sun.reflect.NativeMethodAccessorImpl.invoke0(Native Method)
	at sun.reflect.NativeMethodAccessorImpl.invoke(Unknown Source)
	at sun.reflect.DelegatingMethodAccessorImpl.invoke(Unknown Source)
	at java.lang.reflect.Method.invoke(Unknown Source)
	at org.testng.internal.MethodInvocationHelper.invokeMethod(MethodInvocationHelper.java:85)
	at org.testng.internal.Invoker.invokeMethod(Invoker.java:639)
	at org.testng.internal.Invoker.invokeTestMethod(Invoker.java:816)
	at org.testng.internal.Invoker.invokeTestMethods(Invoker.java:1124)
	at org.testng.internal.TestMethodWorker.invokeTestMethods(TestMethodWorker.java:125)
	at org.testng.internal.TestMethodWorker.run(TestMethodWorker.java:108)
	at org.testng.TestRunner.privateRun(TestRunner.java:774)
	at org.testng.TestRunner.run(TestRunner.java:624)
	at org.testng.SuiteRunner.runTest(SuiteRunner.java:359)
	at org.testng.SuiteRunner.runSequentially(SuiteRunner.java:354)
	at org.testng.SuiteRunner.privateRun(SuiteRunner.java:312)
	at org.testng.SuiteRunner.run(SuiteRunner.java:261)
	at org.testng.SuiteRunnerWorker.runSuite(SuiteRunnerWorker.java:52)
	at org.testng.SuiteRunnerWorker.run(SuiteRunnerWorker.java:86)
	at org.testng.TestNG.runSuitesSequentially(TestNG.java:1215)
	at org.testng.TestNG.runSuitesLocally(TestNG.java:1140)
	at org.testng.TestNG.run(TestNG.java:1048)
	at org.testng.TestNG.privateMain(TestNG.java:1355)
	at org.testng.TestNG.main(TestNG.java:1324)
</pre></div></td>
<td>95</td>
<td>SuiteOne.TC004@49e4cb85</td></tr>
<tr>
<td title='SuiteOne.TC004.SuiteOneCaseTwoTest()'><b>SuiteOneCaseTwoTest</b><br>Test class: SuiteOne.TC004<br>Parameters: ank1167@test.com, welcome2018, hammersmith, Florida, Nurse Practitioner, Acute Critical Care, , , Student, No, Occurrence, 43248, June, 2019, Yes, June, 2017, 1, No, 3, No, 43248, Yes, Deepak, Sharma, test, Doctor, Signature Towers, Gurgaon, AZ, 85258, Mobile, 9876543210, Home, 1234567894, One Time Payment, User, 4111111111111111, 123, 1122, Derryn, Zwart, Bevis Marks, Boston, MA, 23110, 47-QAA-004373-01</td>
<td><div><pre>java.lang.AssertionError: The following asserts failed:
	expected [Download Policy PDF] but found [Policy Number: 47-QAA-004409-01]
	at SuiteOne.TC004.SuiteOneCaseTwoTest(TC004.java:201)
... Removed 24 stack frames</pre></div><a href='#' onClick='toggleBox("stack-trace1260487756", this, "Click to show all stack frames", "Click to hide stack frames")'>Click to show all stack frames</a>
<div class='stack-trace' id='stack-trace1260487756'><pre>java.lang.AssertionError: The following asserts failed:
	expected [Download Policy PDF] but found [Policy Number: 47-QAA-004409-01]
	at org.testng.asserts.SoftAssert.assertAll(SoftAssert.java:43)
	at SuiteOne.TC004.SuiteOneCaseTwoTest(TC004.java:201)
	at sun.reflect.NativeMethodAccessorImpl.invoke0(Native Method)
	at sun.reflect.NativeMethodAccessorImpl.invoke(Unknown Source)
	at sun.reflect.DelegatingMethodAccessorImpl.invoke(Unknown Source)
	at java.lang.reflect.Method.invoke(Unknown Source)
	at org.testng.internal.MethodInvocationHelper.invokeMethod(MethodInvocationHelper.java:85)
	at org.testng.internal.Invoker.invokeMethod(Invoker.java:639)
	at org.testng.internal.Invoker.invokeTestMethod(Invoker.java:816)
	at org.testng.internal.Invoker.invokeTestMethods(Invoker.java:1124)
	at org.testng.internal.TestMethodWorker.invokeTestMethods(TestMethodWorker.java:125)
	at org.testng.internal.TestMethodWorker.run(TestMethodWorker.java:108)
	at org.testng.TestRunner.privateRun(TestRunner.java:774)
	at org.testng.TestRunner.run(TestRunner.java:624)
	at org.testng.SuiteRunner.runTest(SuiteRunner.java:359)
	at org.testng.SuiteRunner.runSequentially(SuiteRunner.java:354)
	at org.testng.SuiteRunner.privateRun(SuiteRunner.java:312)
	at org.testng.SuiteRunner.run(SuiteRunner.java:261)
	at org.testng.SuiteRunnerWorker.runSuite(SuiteRunnerWorker.java:52)
	at org.testng.SuiteRunnerWorker.run(SuiteRunnerWorker.java:86)
	at org.testng.TestNG.runSuitesSequentially(TestNG.java:1215)
	at org.testng.TestNG.runSuitesLocally(TestNG.java:1140)
	at org.testng.TestNG.run(TestNG.java:1048)
	at org.testng.TestNG.privateMain(TestNG.java:1355)
	at org.testng.TestNG.main(TestNG.java:1324)
</pre></div></td>
<td>112</td>
<td>SuiteOne.TC004@49e4cb85</td></tr>
<tr>
<td title='SuiteOne.TC004.SuiteOneCaseTwoTest()'><b>SuiteOneCaseTwoTest</b><br>Test class: SuiteOne.TC004<br>Parameters: ank1167@test.com, welcome2018, hammersmith, Florida, Audiology, Speech and Hearing, Audiology Technician/Technologist, , , Self-Employed, No, Occurrence, 43248, June, 2019, Yes, June, 2017, 1, No, 3, No, 43248, Yes, Deepak, Sharma, test, Doctor, Signature Towers, Gurgaon, AZ, 85258, Mobile, 9876543210, Home, 1234567894, One Time Payment, User, 4111111111111111, 123, 1122, Derryn, Zwart, Bevis Marks, Boston, MA, 23110, 47-QAA-004368-01</td>
<td><div><pre>java.lang.AssertionError: The following asserts failed:
	expected [Download Policy PDF] but found [Policy Number: 47-QAA-004410-01]
	at SuiteOne.TC004.SuiteOneCaseTwoTest(TC004.java:201)
... Removed 24 stack frames</pre></div><a href='#' onClick='toggleBox("stack-trace254918854", this, "Click to show all stack frames", "Click to hide stack frames")'>Click to show all stack frames</a>
<div class='stack-trace' id='stack-trace254918854'><pre>java.lang.AssertionError: The following asserts failed:
	expected [Download Policy PDF] but found [Policy Number: 47-QAA-004410-01]
	at org.testng.asserts.SoftAssert.assertAll(SoftAssert.java:43)
	at SuiteOne.TC004.SuiteOneCaseTwoTest(TC004.java:201)
	at sun.reflect.NativeMethodAccessorImpl.invoke0(Native Method)
	at sun.reflect.NativeMethodAccessorImpl.invoke(Unknown Source)
	at sun.reflect.DelegatingMethodAccessorImpl.invoke(Unknown Source)
	at java.lang.reflect.Method.invoke(Unknown Source)
	at org.testng.internal.MethodInvocationHelper.invokeMethod(MethodInvocationHelper.java:85)
	at org.testng.internal.Invoker.invokeMethod(Invoker.java:639)
	at org.testng.internal.Invoker.invokeTestMethod(Invoker.java:816)
	at org.testng.internal.Invoker.invokeTestMethods(Invoker.java:1124)
	at org.testng.internal.TestMethodWorker.invokeTestMethods(TestMethodWorker.java:125)
	at org.testng.internal.TestMethodWorker.run(TestMethodWorker.java:108)
	at org.testng.TestRunner.privateRun(TestRunner.java:774)
	at org.testng.TestRunner.run(TestRunner.java:624)
	at org.testng.SuiteRunner.runTest(SuiteRunner.java:359)
	at org.testng.SuiteRunner.runSequentially(SuiteRunner.java:354)
	at org.testng.SuiteRunner.privateRun(SuiteRunner.java:312)
	at org.testng.SuiteRunner.run(SuiteRunner.java:261)
	at org.testng.SuiteRunnerWorker.runSuite(SuiteRunnerWorker.java:52)
	at org.testng.SuiteRunnerWorker.run(SuiteRunnerWorker.java:86)
	at org.testng.TestNG.runSuitesSequentially(TestNG.java:1215)
	at org.testng.TestNG.runSuitesLocally(TestNG.java:1140)
	at org.testng.TestNG.run(TestNG.java:1048)
	at org.testng.TestNG.privateMain(TestNG.java:1355)
	at org.testng.TestNG.main(TestNG.java:1324)
</pre></div></td>
<td>142</td>
<td>SuiteOne.TC004@49e4cb85</td></tr>
</table><p>
</body>
</html>